<?xml version="1.0" encoding="UTF-8"?>
<testng-results ignored="0" total="2" passed="2" failed="0" skipped="0">
  <reporter-output>
  </reporter-output>
  <suite started-at="2022-07-16T01:31:52 IST" name="Suite" finished-at="2022-07-16T01:32:46 IST" duration-ms="53458">
    <groups>
    </groups>
    <test started-at="2022-07-16T01:31:52 IST" name="Test_Chrome" finished-at="2022-07-16T01:32:28 IST" duration-ms="35527">
      <class name="com.test.Verify_Login_page">
        <test-method is-config="true" signature="SetUp(java.lang.String)[pri:0, instance:com.test.Verify_Login_page@31ea9581]" started-at="2022-07-16T01:31:52 IST" name="SetUp" finished-at="2022-07-16T01:32:19 IST" duration-ms="26449" status="PASS">
          <params>
            <param index="0">
              <value>
                <![CDATA[Chrome]]>
              </value>
            </param>
          </params>
          <reporter-output>
          </reporter-output>
        </test-method> <!-- SetUp -->
        <test-method signature="Verify_login_with_valid_credentials()[pri:0, instance:com.test.Verify_Login_page@31ea9581]" started-at="2022-07-16T01:32:19 IST" name="Verify_login_with_valid_credentials" finished-at="2022-07-16T01:32:19 IST" duration-ms="672" status="PASS">
          <reporter-output>
          </reporter-output>
        </test-method> <!-- Verify_login_with_valid_credentials -->
        <test-method is-config="true" signature="teardown()[pri:0, instance:com.test.Verify_Login_page@31ea9581]" started-at="2022-07-16T01:32:27 IST" name="teardown" finished-at="2022-07-16T01:32:28 IST" duration-ms="553" status="PASS">
          <reporter-output>
          </reporter-output>
        </test-method> <!-- teardown -->
      </class> <!-- com.test.Verify_Login_page -->
    </test> <!-- Test_Chrome -->
    <test started-at="2022-07-16T01:32:28 IST" name="Test_Edge" finished-at="2022-07-16T01:32:46 IST" duration-ms="17258">
      <class name="com.test.Verify_Login_page">
        <test-method is-config="true" signature="BS()[pri:0, instance:com.test.Verify_Login_page@71075444]" started-at="2022-07-16T01:31:50 IST" name="BS" finished-at="2022-07-16T01:31:52 IST" duration-ms="1750" status="PASS">
          <reporter-output>
          </reporter-output>
        </test-method> <!-- BS -->
        <test-method is-config="true" signature="SetUp(java.lang.String)[pri:0, instance:com.test.Verify_Login_page@71075444]" started-at="2022-07-16T01:32:28 IST" name="SetUp" finished-at="2022-07-16T01:32:40 IST" duration-ms="11546" status="PASS">
          <params>
            <param index="0">
              <value>
                <![CDATA[Edge]]>
              </value>
            </param>
          </params>
          <reporter-output>
          </reporter-output>
        </test-method> <!-- SetUp -->
        <test-method signature="Verify_login_with_valid_credentials()[pri:0, instance:com.test.Verify_Login_page@71075444]" started-at="2022-07-16T01:32:40 IST" name="Verify_login_with_valid_credentials" finished-at="2022-07-16T01:32:40 IST" duration-ms="451" status="PASS">
          <reporter-output>
          </reporter-output>
        </test-method> <!-- Verify_login_with_valid_credentials -->
        <test-method is-config="true" signature="teardown()[pri:0, instance:com.test.Verify_Login_page@71075444]" started-at="2022-07-16T01:32:45 IST" name="teardown" finished-at="2022-07-16T01:32:46 IST" duration-ms="464" status="PASS">
          <reporter-output>
          </reporter-output>
        </test-method> <!-- teardown -->
      </class> <!-- com.test.Verify_Login_page -->
    </test> <!-- Test_Edge -->
  </suite> <!-- Suite -->
</testng-results>
